<?xml version="1.0" encoding="UTF-8"?>
<coverage generated="1753124093181" clover="3.2.0">
  <project timestamp="1753124093181" name="All files">
    <metrics statements="68" coveredstatements="54" conditionals="53" coveredconditionals="39" methods="12" coveredmethods="11" elements="133" coveredelements="104" complexity="0" loc="68" ncloc="68" packages="2" files="6" classes="6"/>
    <package name="src">
      <metrics statements="21" coveredstatements="19" conditionals="16" coveredconditionals="14" methods="3" coveredmethods="3"/>
      <file name="diff.js" path="/Users/alex/Desktop/Code/gendiff/backend-project-46/src/diff.js">
        <metrics statements="13" coveredstatements="13" conditionals="10" coveredconditionals="10" methods="2" coveredmethods="2"/>
        <line num="3" count="4" type="stmt"/>
        <line num="4" count="36" type="stmt"/>
        <line num="5" count="36" type="stmt"/>
        <line num="7" count="36" type="stmt"/>
        <line num="9" count="131" type="cond" truecount="4" falsecount="0"/>
        <line num="10" count="28" type="stmt"/>
        <line num="18" count="103" type="cond" truecount="2" falsecount="0"/>
        <line num="19" count="16" type="stmt"/>
        <line num="23" count="87" type="cond" truecount="2" falsecount="0"/>
        <line num="24" count="36" type="stmt"/>
        <line num="28" count="51" type="cond" truecount="2" falsecount="0"/>
        <line num="29" count="29" type="stmt"/>
        <line num="38" count="22" type="stmt"/>
      </file>
      <file name="parser.js" path="/Users/alex/Desktop/Code/gendiff/backend-project-46/src/parser.js">
        <metrics statements="8" coveredstatements="6" conditionals="6" coveredconditionals="4" methods="1" coveredmethods="1"/>
        <line num="4" count="5" type="stmt"/>
        <line num="5" count="13" type="stmt"/>
        <line num="7" count="13" type="cond" truecount="2" falsecount="0"/>
        <line num="8" count="8" type="stmt"/>
        <line num="10" count="5" type="cond" truecount="2" falsecount="2"/>
        <line num="11" count="5" type="stmt"/>
        <line num="13" count="0" type="stmt"/>
        <line num="15" count="0" type="stmt"/>
      </file>
    </package>
    <package name="src.formatters">
      <metrics statements="47" coveredstatements="35" conditionals="37" coveredconditionals="25" methods="9" coveredmethods="8"/>
      <file name="index.js" path="/Users/alex/Desktop/Code/gendiff/backend-project-46/src/formatters/index.js">
        <metrics statements="5" coveredstatements="4" conditionals="3" coveredconditionals="1" methods="1" coveredmethods="1"/>
        <line num="5" count="3" type="stmt"/>
        <line num="12" count="5" type="stmt"/>
        <line num="13" count="5" type="cond" truecount="1" falsecount="1"/>
        <line num="14" count="0" type="stmt"/>
        <line num="16" count="5" type="stmt"/>
      </file>
      <file name="json.js" path="/Users/alex/Desktop/Code/gendiff/backend-project-46/src/formatters/json.js">
        <metrics statements="1" coveredstatements="1" conditionals="0" coveredconditionals="0" methods="1" coveredmethods="1"/>
        <line num="1" count="3" type="stmt"/>
      </file>
      <file name="plain.js" path="/Users/alex/Desktop/Code/gendiff/backend-project-46/src/formatters/plain.js">
        <metrics statements="16" coveredstatements="15" conditionals="17" coveredconditionals="16" methods="3" coveredmethods="3"/>
        <line num="1" count="3" type="stmt"/>
        <line num="2" count="26" type="cond" truecount="2" falsecount="0"/>
        <line num="3" count="24" type="cond" truecount="4" falsecount="0"/>
        <line num="4" count="18" type="cond" truecount="2" falsecount="0"/>
        <line num="5" count="4" type="stmt"/>
        <line num="8" count="3" type="cond" truecount="1" falsecount="0"/>
        <line num="9" count="10" type="stmt"/>
        <line num="10" count="36" type="cond" truecount="2" falsecount="0"/>
        <line num="12" count="36" type="cond" truecount="5" falsecount="1"/>
        <line num="14" count="8" type="stmt"/>
        <line num="16" count="10" type="stmt"/>
        <line num="18" count="4" type="stmt"/>
        <line num="20" count="8" type="stmt"/>
        <line num="22" count="6" type="stmt"/>
        <line num="24" count="0" type="stmt"/>
        <line num="28" count="10" type="stmt"/>
      </file>
      <file name="stylish.js" path="/Users/alex/Desktop/Code/gendiff/backend-project-46/src/formatters/stylish.js">
        <metrics statements="25" coveredstatements="15" conditionals="17" coveredconditionals="8" methods="4" coveredmethods="3"/>
        <line num="1" count="3" type="stmt"/>
        <line num="2" count="3" type="stmt"/>
        <line num="3" count="3" type="stmt"/>
        <line num="15" count="3" type="stmt"/>
        <line num="16" count="6" type="cond" truecount="1" falsecount="1"/>
        <line num="17" count="6" type="cond" truecount="1" falsecount="1"/>
        <line num="18" count="0" type="cond" truecount="0" falsecount="2"/>
        <line num="20" count="0" type="stmt"/>
        <line num="21" count="0" type="stmt"/>
        <line num="24" count="0" type="stmt"/>
        <line num="25" count="0" type="cond" truecount="0" falsecount="2"/>
        <line num="26" count="0" type="stmt"/>
        <line num="28" count="0" type="stmt"/>
        <line num="31" count="0" type="stmt"/>
        <line num="44" count="3" type="cond" truecount="1" falsecount="0"/>
        <line num="45" count="1" type="stmt"/>
        <line num="47" count="1" type="stmt"/>
        <line num="48" count="5" type="cond" truecount="4" falsecount="2"/>
        <line num="50" count="0" type="stmt"/>
        <line num="53" count="1" type="stmt"/>
        <line num="56" count="2" type="stmt"/>
        <line num="59" count="1" type="stmt"/>
        <line num="65" count="1" type="stmt"/>
        <line num="68" count="0" type="stmt"/>
        <line num="72" count="1" type="cond" truecount="1" falsecount="1"/>
      </file>
    </package>
  </project>
</coverage>
