{"/Users/alex/Desktop/Code/gendiff/backend-project-46/src/diff.js": {"path":"/Users/alex/Desktop/Code/gendiff/backend-project-46/src/diff.js","all":false,"statementMap":{"0":{"start":{"line":1,"column":0},"end":{"line":1,"column":22}},"1":{"start":{"line":2,"column":0},"end":{"line":2,"column":0}},"2":{"start":{"line":3,"column":0},"end":{"line":3,"column":33}},"3":{"start":{"line":4,"column":0},"end":{"line":4,"column":63}},"4":{"start":{"line":5,"column":0},"end":{"line":5,"column":38}},"5":{"start":{"line":6,"column":0},"end":{"line":6,"column":0}},"6":{"start":{"line":7,"column":0},"end":{"line":7,"column":38}},"7":{"start":{"line":8,"column":0},"end":{"line":8,"column":38}},"8":{"start":{"line":9,"column":0},"end":{"line":9,"column":67}},"9":{"start":{"line":10,"column":0},"end":{"line":10,"column":14}},"10":{"start":{"line":11,"column":0},"end":{"line":11,"column":12}},"11":{"start":{"line":12,"column":0},"end":{"line":12,"column":23}},"12":{"start":{"line":13,"column":0},"end":{"line":13,"column":53}},"13":{"start":{"line":14,"column":0},"end":{"line":14,"column":7}},"14":{"start":{"line":15,"column":0},"end":{"line":15,"column":5}},"15":{"start":{"line":16,"column":0},"end":{"line":16,"column":0}},"16":{"start":{"line":17,"column":0},"end":{"line":17,"column":22}},"17":{"start":{"line":18,"column":0},"end":{"line":18,"column":28}},"18":{"start":{"line":19,"column":0},"end":{"line":19,"column":55}},"19":{"start":{"line":20,"column":0},"end":{"line":20,"column":5}},"20":{"start":{"line":21,"column":0},"end":{"line":21,"column":0}},"21":{"start":{"line":22,"column":0},"end":{"line":22,"column":24}},"22":{"start":{"line":23,"column":0},"end":{"line":23,"column":28}},"23":{"start":{"line":24,"column":0},"end":{"line":24,"column":53}},"24":{"start":{"line":25,"column":0},"end":{"line":25,"column":5}},"25":{"start":{"line":26,"column":0},"end":{"line":26,"column":0}},"26":{"start":{"line":27,"column":0},"end":{"line":27,"column":23}},"27":{"start":{"line":28,"column":0},"end":{"line":28,"column":43}},"28":{"start":{"line":29,"column":0},"end":{"line":29,"column":14}},"29":{"start":{"line":30,"column":0},"end":{"line":30,"column":12}},"30":{"start":{"line":31,"column":0},"end":{"line":31,"column":24}},"31":{"start":{"line":32,"column":0},"end":{"line":32,"column":28}},"32":{"start":{"line":33,"column":0},"end":{"line":33,"column":27}},"33":{"start":{"line":34,"column":0},"end":{"line":34,"column":7}},"34":{"start":{"line":35,"column":0},"end":{"line":35,"column":5}},"35":{"start":{"line":36,"column":0},"end":{"line":36,"column":0}},"36":{"start":{"line":37,"column":0},"end":{"line":37,"column":25}},"37":{"start":{"line":38,"column":0},"end":{"line":38,"column":55}},"38":{"start":{"line":39,"column":0},"end":{"line":39,"column":4}},"39":{"start":{"line":40,"column":0},"end":{"line":40,"column":1}},"40":{"start":{"line":41,"column":0},"end":{"line":41,"column":0}},"41":{"start":{"line":42,"column":0},"end":{"line":42,"column":22}}},"s":{"0":4,"1":4,"2":4,"3":36,"4":36,"5":36,"6":36,"7":131,"8":131,"9":28,"10":28,"11":28,"12":28,"13":28,"14":28,"15":103,"16":103,"17":131,"18":16,"19":16,"20":87,"21":87,"22":131,"23":36,"24":36,"25":51,"26":51,"27":131,"28":29,"29":29,"30":29,"31":29,"32":29,"33":29,"34":29,"35":22,"36":22,"37":22,"38":36,"39":36,"40":4,"41":4},"branchMap":{"0":{"type":"branch","line":1,"loc":{"start":{"line":1,"column":0},"end":{"line":42,"column":22}},"locations":[{"start":{"line":1,"column":0},"end":{"line":42,"column":22}}]},"1":{"type":"branch","line":3,"loc":{"start":{"line":3,"column":16},"end":{"line":40,"column":1}},"locations":[{"start":{"line":3,"column":16},"end":{"line":40,"column":1}}]},"2":{"type":"branch","line":7,"loc":{"start":{"line":7,"column":28},"end":{"line":39,"column":3}},"locations":[{"start":{"line":7,"column":28},"end":{"line":39,"column":3}}]},"3":{"type":"branch","line":9,"loc":{"start":{"line":9,"column":35},"end":{"line":9,"column":64}},"locations":[{"start":{"line":9,"column":35},"end":{"line":9,"column":64}}]},"4":{"type":"branch","line":9,"loc":{"start":{"line":9,"column":66},"end":{"line":15,"column":5}},"locations":[{"start":{"line":9,"column":66},"end":{"line":15,"column":5}}]},"5":{"type":"branch","line":16,"loc":{"start":{"line":16,"column":-1},"end":{"line":18,"column":27}},"locations":[{"start":{"line":16,"column":-1},"end":{"line":18,"column":27}}]},"6":{"type":"branch","line":18,"loc":{"start":{"line":18,"column":27},"end":{"line":20,"column":5}},"locations":[{"start":{"line":18,"column":27},"end":{"line":20,"column":5}}]},"7":{"type":"branch","line":21,"loc":{"start":{"line":21,"column":-1},"end":{"line":23,"column":27}},"locations":[{"start":{"line":21,"column":-1},"end":{"line":23,"column":27}}]},"8":{"type":"branch","line":23,"loc":{"start":{"line":23,"column":27},"end":{"line":25,"column":5}},"locations":[{"start":{"line":23,"column":27},"end":{"line":25,"column":5}}]},"9":{"type":"branch","line":26,"loc":{"start":{"line":26,"column":-1},"end":{"line":28,"column":42}},"locations":[{"start":{"line":26,"column":-1},"end":{"line":28,"column":42}}]},"10":{"type":"branch","line":28,"loc":{"start":{"line":28,"column":42},"end":{"line":39,"column":2}},"locations":[{"start":{"line":28,"column":42},"end":{"line":39,"column":2}}]},"11":{"type":"branch","line":28,"loc":{"start":{"line":28,"column":42},"end":{"line":35,"column":5}},"locations":[{"start":{"line":28,"column":42},"end":{"line":35,"column":5}}]},"12":{"type":"branch","line":36,"loc":{"start":{"line":36,"column":-1},"end":{"line":39,"column":2}},"locations":[{"start":{"line":36,"column":-1},"end":{"line":39,"column":2}}]}},"b":{"0":[4],"1":[36],"2":[131],"3":[42],"4":[28],"5":[103],"6":[16],"7":[87],"8":[36],"9":[51],"10":[127],"11":[29],"12":[22]},"fnMap":{"0":{"name":"genDiff","decl":{"start":{"line":3,"column":16},"end":{"line":40,"column":1}},"loc":{"start":{"line":3,"column":16},"end":{"line":40,"column":1}},"line":3}},"f":{"0":36}}
,"/Users/alex/Desktop/Code/gendiff/backend-project-46/src/parser.js": {"path":"/Users/alex/Desktop/Code/gendiff/backend-project-46/src/parser.js","all":false,"statementMap":{"0":{"start":{"line":1,"column":0},"end":{"line":1,"column":30}},"1":{"start":{"line":2,"column":0},"end":{"line":2,"column":0}},"2":{"start":{"line":3,"column":0},"end":{"line":3,"column":32}},"3":{"start":{"line":4,"column":0},"end":{"line":4,"column":38}},"4":{"start":{"line":5,"column":0},"end":{"line":5,"column":7}},"5":{"start":{"line":6,"column":0},"end":{"line":6,"column":21}},"6":{"start":{"line":7,"column":0},"end":{"line":7,"column":11}},"7":{"start":{"line":8,"column":0},"end":{"line":8,"column":23}},"8":{"start":{"line":9,"column":0},"end":{"line":9,"column":9}},"9":{"start":{"line":10,"column":0},"end":{"line":10,"column":29}},"10":{"start":{"line":11,"column":0},"end":{"line":11,"column":13}},"11":{"start":{"line":12,"column":0},"end":{"line":12,"column":45}},"12":{"start":{"line":13,"column":0},"end":{"line":13,"column":5}},"13":{"start":{"line":14,"column":0},"end":{"line":14,"column":3}},"14":{"start":{"line":15,"column":0},"end":{"line":15,"column":1}}},"s":{"0":5,"1":5,"2":5,"3":13,"4":13,"5":13,"6":13,"7":0,"8":0,"9":0,"10":0,"11":0,"12":0,"13":0,"14":13},"branchMap":{"0":{"type":"branch","line":1,"loc":{"start":{"line":1,"column":0},"end":{"line":15,"column":1}},"locations":[{"start":{"line":1,"column":0},"end":{"line":15,"column":1}}]},"1":{"type":"branch","line":3,"loc":{"start":{"line":3,"column":21},"end":{"line":15,"column":1}},"locations":[{"start":{"line":3,"column":21},"end":{"line":15,"column":1}}]},"2":{"type":"branch","line":7,"loc":{"start":{"line":7,"column":4},"end":{"line":14,"column":3}},"locations":[{"start":{"line":7,"column":4},"end":{"line":14,"column":3}}]}},"b":{"0":[5],"1":[13],"2":[0]},"fnMap":{"0":{"name":"parse","decl":{"start":{"line":3,"column":21},"end":{"line":15,"column":1}},"loc":{"start":{"line":3,"column":21},"end":{"line":15,"column":1}},"line":3}},"f":{"0":13}}
,"/Users/alex/Desktop/Code/gendiff/backend-project-46/src/formatters/index.js": {"path":"/Users/alex/Desktop/Code/gendiff/backend-project-46/src/formatters/index.js","all":false,"statementMap":{"0":{"start":{"line":1,"column":0},"end":{"line":1,"column":34}},"1":{"start":{"line":2,"column":0},"end":{"line":2,"column":30}},"2":{"start":{"line":3,"column":0},"end":{"line":3,"column":28}},"3":{"start":{"line":4,"column":0},"end":{"line":4,"column":0}},"4":{"start":{"line":5,"column":0},"end":{"line":5,"column":20}},"5":{"start":{"line":6,"column":0},"end":{"line":6,"column":10}},"6":{"start":{"line":7,"column":0},"end":{"line":7,"column":8}},"7":{"start":{"line":8,"column":0},"end":{"line":8,"column":6}},"8":{"start":{"line":9,"column":0},"end":{"line":9,"column":1}},"9":{"start":{"line":10,"column":0},"end":{"line":10,"column":0}},"10":{"start":{"line":11,"column":0},"end":{"line":11,"column":50}},"11":{"start":{"line":12,"column":0},"end":{"line":12,"column":42}},"12":{"start":{"line":13,"column":0},"end":{"line":13,"column":19}},"13":{"start":{"line":14,"column":0},"end":{"line":14,"column":52}},"14":{"start":{"line":15,"column":0},"end":{"line":15,"column":3}},"15":{"start":{"line":16,"column":0},"end":{"line":16,"column":24}},"16":{"start":{"line":17,"column":0},"end":{"line":17,"column":1}}},"s":{"0":3,"1":3,"2":3,"3":3,"4":3,"5":3,"6":3,"7":3,"8":3,"9":3,"10":3,"11":5,"12":5,"13":0,"14":0,"15":5,"16":5},"branchMap":{"0":{"type":"branch","line":1,"loc":{"start":{"line":1,"column":0},"end":{"line":17,"column":1}},"locations":[{"start":{"line":1,"column":0},"end":{"line":17,"column":1}}]},"1":{"type":"branch","line":11,"loc":{"start":{"line":11,"column":15},"end":{"line":17,"column":1}},"locations":[{"start":{"line":11,"column":15},"end":{"line":17,"column":1}}]},"2":{"type":"branch","line":13,"loc":{"start":{"line":13,"column":18},"end":{"line":15,"column":3}},"locations":[{"start":{"line":13,"column":18},"end":{"line":15,"column":3}}]}},"b":{"0":[3],"1":[5],"2":[0]},"fnMap":{"0":{"name":"default","decl":{"start":{"line":11,"column":15},"end":{"line":17,"column":1}},"loc":{"start":{"line":11,"column":15},"end":{"line":17,"column":1}},"line":11}},"f":{"0":5}}
,"/Users/alex/Desktop/Code/gendiff/backend-project-46/src/formatters/json.js": {"path":"/Users/alex/Desktop/Code/gendiff/backend-project-46/src/formatters/json.js","all":false,"statementMap":{"0":{"start":{"line":1,"column":0},"end":{"line":1,"column":52}},"1":{"start":{"line":2,"column":0},"end":{"line":2,"column":0}},"2":{"start":{"line":3,"column":0},"end":{"line":3,"column":19}}},"s":{"0":3,"1":3,"2":3},"branchMap":{"0":{"type":"branch","line":1,"loc":{"start":{"line":1,"column":0},"end":{"line":3,"column":19}},"locations":[{"start":{"line":1,"column":0},"end":{"line":3,"column":19}}]},"1":{"type":"branch","line":1,"loc":{"start":{"line":1,"column":13},"end":{"line":1,"column":52}},"locations":[{"start":{"line":1,"column":13},"end":{"line":1,"column":52}}]}},"b":{"0":[3],"1":[2]},"fnMap":{"0":{"name":"json","decl":{"start":{"line":1,"column":13},"end":{"line":1,"column":52}},"loc":{"start":{"line":1,"column":13},"end":{"line":1,"column":52}},"line":1}},"f":{"0":2}}
,"/Users/alex/Desktop/Code/gendiff/backend-project-46/src/formatters/plain.js": {"path":"/Users/alex/Desktop/Code/gendiff/backend-project-46/src/formatters/plain.js","all":false,"statementMap":{"0":{"start":{"line":1,"column":0},"end":{"line":1,"column":32}},"1":{"start":{"line":2,"column":0},"end":{"line":2,"column":35}},"2":{"start":{"line":3,"column":0},"end":{"line":3,"column":75}},"3":{"start":{"line":4,"column":0},"end":{"line":4,"column":52}},"4":{"start":{"line":5,"column":0},"end":{"line":5,"column":22}},"5":{"start":{"line":6,"column":0},"end":{"line":6,"column":1}},"6":{"start":{"line":7,"column":0},"end":{"line":7,"column":0}},"7":{"start":{"line":8,"column":0},"end":{"line":8,"column":42}},"8":{"start":{"line":9,"column":0},"end":{"line":9,"column":36}},"9":{"start":{"line":10,"column":0},"end":{"line":10,"column":75}},"10":{"start":{"line":11,"column":0},"end":{"line":11,"column":0}},"11":{"start":{"line":12,"column":0},"end":{"line":12,"column":24}},"12":{"start":{"line":13,"column":0},"end":{"line":13,"column":18}},"13":{"start":{"line":14,"column":0},"end":{"line":14,"column":46}},"14":{"start":{"line":15,"column":0},"end":{"line":15,"column":17}},"15":{"start":{"line":16,"column":0},"end":{"line":16,"column":89}},"16":{"start":{"line":17,"column":0},"end":{"line":17,"column":19}},"17":{"start":{"line":18,"column":0},"end":{"line":18,"column":52}},"18":{"start":{"line":19,"column":0},"end":{"line":19,"column":19}},"19":{"start":{"line":20,"column":0},"end":{"line":20,"column":121}},"20":{"start":{"line":21,"column":0},"end":{"line":21,"column":21}},"21":{"start":{"line":22,"column":0},"end":{"line":22,"column":17}},"22":{"start":{"line":23,"column":0},"end":{"line":23,"column":12}},"23":{"start":{"line":24,"column":0},"end":{"line":24,"column":56}},"24":{"start":{"line":25,"column":0},"end":{"line":25,"column":5}},"25":{"start":{"line":26,"column":0},"end":{"line":26,"column":4}},"26":{"start":{"line":27,"column":0},"end":{"line":27,"column":0}},"27":{"start":{"line":28,"column":0},"end":{"line":28,"column":41}},"28":{"start":{"line":29,"column":0},"end":{"line":29,"column":1}},"29":{"start":{"line":30,"column":0},"end":{"line":30,"column":0}},"30":{"start":{"line":31,"column":0},"end":{"line":31,"column":20}}},"s":{"0":3,"1":26,"2":26,"3":26,"4":4,"5":26,"6":3,"7":3,"8":10,"9":36,"10":36,"11":36,"12":36,"13":8,"14":36,"15":10,"16":36,"17":4,"18":36,"19":8,"20":36,"21":6,"22":36,"23":0,"24":36,"25":10,"26":10,"27":10,"28":10,"29":3,"30":3},"branchMap":{"0":{"type":"branch","line":1,"loc":{"start":{"line":1,"column":0},"end":{"line":31,"column":20}},"locations":[{"start":{"line":1,"column":0},"end":{"line":31,"column":20}}]},"1":{"type":"branch","line":1,"loc":{"start":{"line":1,"column":20},"end":{"line":6,"column":1}},"locations":[{"start":{"line":1,"column":20},"end":{"line":6,"column":1}}]},"2":{"type":"branch","line":2,"loc":{"start":{"line":2,"column":22},"end":{"line":2,"column":35}},"locations":[{"start":{"line":2,"column":22},"end":{"line":2,"column":35}}]},"3":{"type":"branch","line":3,"loc":{"start":{"line":3,"column":-1},"end":{"line":3,"column":32}},"locations":[{"start":{"line":3,"column":-1},"end":{"line":3,"column":32}}]},"4":{"type":"branch","line":3,"loc":{"start":{"line":3,"column":32},"end":{"line":3,"column":49}},"locations":[{"start":{"line":3,"column":32},"end":{"line":3,"column":49}}]},"5":{"type":"branch","line":3,"loc":{"start":{"line":3,"column":51},"end":{"line":3,"column":75}},"locations":[{"start":{"line":3,"column":51},"end":{"line":3,"column":75}}]},"6":{"type":"branch","line":4,"loc":{"start":{"line":4,"column":-1},"end":{"line":4,"column":33}},"locations":[{"start":{"line":4,"column":-1},"end":{"line":4,"column":33}}]},"7":{"type":"branch","line":4,"loc":{"start":{"line":4,"column":33},"end":{"line":4,"column":52}},"locations":[{"start":{"line":4,"column":33},"end":{"line":4,"column":52}}]},"8":{"type":"branch","line":5,"loc":{"start":{"line":5,"column":-1},"end":{"line":6,"column":0}},"locations":[{"start":{"line":5,"column":-1},"end":{"line":6,"column":0}}]},"9":{"type":"branch","line":8,"loc":{"start":{"line":8,"column":14},"end":{"line":29,"column":1}},"locations":[{"start":{"line":8,"column":14},"end":{"line":29,"column":1}}]},"10":{"type":"branch","line":9,"loc":{"start":{"line":9,"column":25},"end":{"line":26,"column":3}},"locations":[{"start":{"line":9,"column":25},"end":{"line":26,"column":3}}]},"11":{"type":"branch","line":10,"loc":{"start":{"line":10,"column":35},"end":{"line":10,"column":64}},"locations":[{"start":{"line":10,"column":35},"end":{"line":10,"column":64}}]},"12":{"type":"branch","line":10,"loc":{"start":{"line":10,"column":65},"end":{"line":10,"column":75}},"locations":[{"start":{"line":10,"column":65},"end":{"line":10,"column":75}}]},"13":{"type":"branch","line":13,"loc":{"start":{"line":13,"column":4},"end":{"line":14,"column":46}},"locations":[{"start":{"line":13,"column":4},"end":{"line":14,"column":46}}]},"14":{"type":"branch","line":15,"loc":{"start":{"line":15,"column":4},"end":{"line":16,"column":89}},"locations":[{"start":{"line":15,"column":4},"end":{"line":16,"column":89}}]},"15":{"type":"branch","line":17,"loc":{"start":{"line":17,"column":4},"end":{"line":18,"column":52}},"locations":[{"start":{"line":17,"column":4},"end":{"line":18,"column":52}}]},"16":{"type":"branch","line":19,"loc":{"start":{"line":19,"column":4},"end":{"line":20,"column":121}},"locations":[{"start":{"line":19,"column":4},"end":{"line":20,"column":121}}]},"17":{"type":"branch","line":21,"loc":{"start":{"line":21,"column":4},"end":{"line":22,"column":17}},"locations":[{"start":{"line":21,"column":4},"end":{"line":22,"column":17}}]},"18":{"type":"branch","line":23,"loc":{"start":{"line":23,"column":4},"end":{"line":24,"column":56}},"locations":[{"start":{"line":23,"column":4},"end":{"line":24,"column":56}}]}},"b":{"0":[3],"1":[26],"2":[2],"3":[24],"4":[6],"5":[6],"6":[18],"7":[14],"8":[4],"9":[10],"10":[36],"11":[28],"12":[8],"13":[8],"14":[10],"15":[4],"16":[8],"17":[6],"18":[0]},"fnMap":{"0":{"name":"formatValue","decl":{"start":{"line":1,"column":20},"end":{"line":6,"column":1}},"loc":{"start":{"line":1,"column":20},"end":{"line":6,"column":1}},"line":1},"1":{"name":"plain","decl":{"start":{"line":8,"column":14},"end":{"line":29,"column":1}},"loc":{"start":{"line":8,"column":14},"end":{"line":29,"column":1}},"line":8}},"f":{"0":26,"1":10}}
,"/Users/alex/Desktop/Code/gendiff/backend-project-46/src/formatters/stylish.js": {"path":"/Users/alex/Desktop/Code/gendiff/backend-project-46/src/formatters/stylish.js","all":false,"statementMap":{"0":{"start":{"line":1,"column":0},"end":{"line":1,"column":21}},"1":{"start":{"line":2,"column":0},"end":{"line":2,"column":23}},"2":{"start":{"line":3,"column":0},"end":{"line":3,"column":17}},"3":{"start":{"line":4,"column":0},"end":{"line":4,"column":14}},"4":{"start":{"line":5,"column":0},"end":{"line":5,"column":16}},"5":{"start":{"line":6,"column":0},"end":{"line":6,"column":18}},"6":{"start":{"line":7,"column":0},"end":{"line":7,"column":1}},"7":{"start":{"line":8,"column":0},"end":{"line":8,"column":0}},"8":{"start":{"line":9,"column":0},"end":{"line":9,"column":3}},"9":{"start":{"line":10,"column":0},"end":{"line":10,"column":74}},"10":{"start":{"line":11,"column":0},"end":{"line":11,"column":41}},"11":{"start":{"line":12,"column":0},"end":{"line":12,"column":48}},"12":{"start":{"line":13,"column":0},"end":{"line":13,"column":65}},"13":{"start":{"line":14,"column":0},"end":{"line":14,"column":3}},"14":{"start":{"line":15,"column":0},"end":{"line":15,"column":37}},"15":{"start":{"line":16,"column":0},"end":{"line":16,"column":33}},"16":{"start":{"line":17,"column":0},"end":{"line":17,"column":49}},"17":{"start":{"line":18,"column":0},"end":{"line":18,"column":52}},"18":{"start":{"line":19,"column":0},"end":{"line":19,"column":0}},"19":{"start":{"line":20,"column":0},"end":{"line":20,"column":56}},"20":{"start":{"line":21,"column":0},"end":{"line":21,"column":69}},"21":{"start":{"line":22,"column":0},"end":{"line":22,"column":2}},"22":{"start":{"line":23,"column":0},"end":{"line":23,"column":66}},"23":{"start":{"line":24,"column":0},"end":{"line":24,"column":59}},"24":{"start":{"line":25,"column":0},"end":{"line":25,"column":36}},"25":{"start":{"line":26,"column":0},"end":{"line":26,"column":40}},"26":{"start":{"line":27,"column":0},"end":{"line":27,"column":5}},"27":{"start":{"line":28,"column":0},"end":{"line":28,"column":62}},"28":{"start":{"line":29,"column":0},"end":{"line":29,"column":4}},"29":{"start":{"line":30,"column":0},"end":{"line":30,"column":0}},"30":{"start":{"line":31,"column":0},"end":{"line":31,"column":10}},"31":{"start":{"line":32,"column":0},"end":{"line":32,"column":8}},"32":{"start":{"line":33,"column":0},"end":{"line":33,"column":13}},"33":{"start":{"line":34,"column":0},"end":{"line":34,"column":23}},"34":{"start":{"line":35,"column":0},"end":{"line":35,"column":14}},"35":{"start":{"line":36,"column":0},"end":{"line":36,"column":1}},"36":{"start":{"line":37,"column":0},"end":{"line":37,"column":0}},"37":{"start":{"line":38,"column":0},"end":{"line":38,"column":3}},"38":{"start":{"line":39,"column":0},"end":{"line":39,"column":39}},"39":{"start":{"line":40,"column":0},"end":{"line":40,"column":46}},"40":{"start":{"line":41,"column":0},"end":{"line":41,"column":48}},"41":{"start":{"line":42,"column":0},"end":{"line":42,"column":42}},"42":{"start":{"line":43,"column":0},"end":{"line":43,"column":3}},"43":{"start":{"line":44,"column":0},"end":{"line":44,"column":38}},"44":{"start":{"line":45,"column":0},"end":{"line":45,"column":77}},"45":{"start":{"line":46,"column":0},"end":{"line":46,"column":0}},"46":{"start":{"line":47,"column":0},"end":{"line":47,"column":36}},"47":{"start":{"line":48,"column":0},"end":{"line":48,"column":24}},"48":{"start":{"line":49,"column":0},"end":{"line":49,"column":18}},"49":{"start":{"line":50,"column":0},"end":{"line":50,"column":106}},"50":{"start":{"line":51,"column":0},"end":{"line":51,"column":0}},"51":{"start":{"line":52,"column":0},"end":{"line":52,"column":17}},"52":{"start":{"line":53,"column":0},"end":{"line":53,"column":93}},"53":{"start":{"line":54,"column":0},"end":{"line":54,"column":0}},"54":{"start":{"line":55,"column":0},"end":{"line":55,"column":19}},"55":{"start":{"line":56,"column":0},"end":{"line":56,"column":95}},"56":{"start":{"line":57,"column":0},"end":{"line":57,"column":0}},"57":{"start":{"line":58,"column":0},"end":{"line":58,"column":19}},"58":{"start":{"line":59,"column":0},"end":{"line":59,"column":14}},"59":{"start":{"line":60,"column":0},"end":{"line":60,"column":94}},"60":{"start":{"line":61,"column":0},"end":{"line":61,"column":91}},"61":{"start":{"line":62,"column":0},"end":{"line":62,"column":18}},"62":{"start":{"line":63,"column":0},"end":{"line":63,"column":0}},"63":{"start":{"line":64,"column":0},"end":{"line":64,"column":21}},"64":{"start":{"line":65,"column":0},"end":{"line":65,"column":97}},"65":{"start":{"line":66,"column":0},"end":{"line":66,"column":0}},"66":{"start":{"line":67,"column":0},"end":{"line":67,"column":12}},"67":{"start":{"line":68,"column":0},"end":{"line":68,"column":56}},"68":{"start":{"line":69,"column":0},"end":{"line":69,"column":5}},"69":{"start":{"line":70,"column":0},"end":{"line":70,"column":4}},"70":{"start":{"line":71,"column":0},"end":{"line":71,"column":0}},"71":{"start":{"line":72,"column":0},"end":{"line":72,"column":20}},"72":{"start":{"line":73,"column":0},"end":{"line":73,"column":33}},"73":{"start":{"line":74,"column":0},"end":{"line":74,"column":22}},"74":{"start":{"line":75,"column":0},"end":{"line":75,"column":1}},"75":{"start":{"line":76,"column":0},"end":{"line":76,"column":0}},"76":{"start":{"line":77,"column":0},"end":{"line":77,"column":22}}},"s":{"0":3,"1":3,"2":3,"3":3,"4":3,"5":3,"6":3,"7":3,"8":3,"9":3,"10":3,"11":3,"12":3,"13":3,"14":3,"15":6,"16":6,"17":0,"18":0,"19":0,"20":0,"21":0,"22":0,"23":0,"24":0,"25":0,"26":0,"27":0,"28":0,"29":0,"30":0,"31":0,"32":0,"33":0,"34":0,"35":6,"36":3,"37":3,"38":3,"39":3,"40":3,"41":3,"42":3,"43":3,"44":1,"45":1,"46":1,"47":5,"48":5,"49":0,"50":5,"51":5,"52":1,"53":5,"54":5,"55":2,"56":5,"57":5,"58":1,"59":1,"60":1,"61":1,"62":5,"63":5,"64":1,"65":5,"66":5,"67":0,"68":5,"69":1,"70":1,"71":1,"72":1,"73":1,"74":1,"75":3,"76":3},"branchMap":{"0":{"type":"branch","line":1,"loc":{"start":{"line":1,"column":0},"end":{"line":77,"column":22}},"locations":[{"start":{"line":1,"column":0},"end":{"line":77,"column":22}}]},"1":{"type":"branch","line":15,"loc":{"start":{"line":15,"column":20},"end":{"line":36,"column":1}},"locations":[{"start":{"line":15,"column":20},"end":{"line":36,"column":1}}]},"2":{"type":"branch","line":16,"loc":{"start":{"line":16,"column":20},"end":{"line":16,"column":33}},"locations":[{"start":{"line":16,"column":20},"end":{"line":16,"column":33}}]},"3":{"type":"branch","line":18,"loc":{"start":{"line":18,"column":-1},"end":{"line":36,"column":0}},"locations":[{"start":{"line":18,"column":-1},"end":{"line":36,"column":0}}]},"4":{"type":"branch","line":44,"loc":{"start":{"line":44,"column":16},"end":{"line":75,"column":1}},"locations":[{"start":{"line":44,"column":16},"end":{"line":75,"column":1}}]},"5":{"type":"branch","line":74,"loc":{"start":{"line":74,"column":4},"end":{"line":74,"column":22}},"locations":[{"start":{"line":74,"column":4},"end":{"line":74,"column":22}}]},"6":{"type":"branch","line":47,"loc":{"start":{"line":47,"column":25},"end":{"line":70,"column":3}},"locations":[{"start":{"line":47,"column":25},"end":{"line":70,"column":3}}]},"7":{"type":"branch","line":49,"loc":{"start":{"line":49,"column":4},"end":{"line":50,"column":106}},"locations":[{"start":{"line":49,"column":4},"end":{"line":50,"column":106}}]},"8":{"type":"branch","line":52,"loc":{"start":{"line":52,"column":4},"end":{"line":53,"column":93}},"locations":[{"start":{"line":52,"column":4},"end":{"line":53,"column":93}}]},"9":{"type":"branch","line":55,"loc":{"start":{"line":55,"column":4},"end":{"line":56,"column":95}},"locations":[{"start":{"line":55,"column":4},"end":{"line":56,"column":95}}]},"10":{"type":"branch","line":58,"loc":{"start":{"line":58,"column":4},"end":{"line":62,"column":18}},"locations":[{"start":{"line":58,"column":4},"end":{"line":62,"column":18}}]},"11":{"type":"branch","line":64,"loc":{"start":{"line":64,"column":4},"end":{"line":65,"column":97}},"locations":[{"start":{"line":64,"column":4},"end":{"line":65,"column":97}}]},"12":{"type":"branch","line":67,"loc":{"start":{"line":67,"column":4},"end":{"line":68,"column":56}},"locations":[{"start":{"line":67,"column":4},"end":{"line":68,"column":56}}]}},"b":{"0":[3],"1":[6],"2":[0],"3":[0],"4":[1],"5":[0],"6":[5],"7":[0],"8":[1],"9":[2],"10":[1],"11":[1],"12":[0]},"fnMap":{"0":{"name":"formatValue","decl":{"start":{"line":15,"column":20},"end":{"line":36,"column":1}},"loc":{"start":{"line":15,"column":20},"end":{"line":36,"column":1}},"line":15},"1":{"name":"stylish","decl":{"start":{"line":44,"column":16},"end":{"line":75,"column":1}},"loc":{"start":{"line":44,"column":16},"end":{"line":75,"column":1}},"line":44}},"f":{"0":6,"1":1}}
}
