TN:
SF:src/diff.js
FN:3,genDiff
FNF:1
FNH:1
FNDA:36,genDiff
DA:1,4
DA:2,4
DA:3,4
DA:4,36
DA:5,36
DA:6,36
DA:7,36
DA:8,131
DA:9,131
DA:10,28
DA:11,28
DA:12,28
DA:13,28
DA:14,28
DA:15,28
DA:16,103
DA:17,103
DA:18,131
DA:19,16
DA:20,16
DA:21,87
DA:22,87
DA:23,131
DA:24,36
DA:25,36
DA:26,51
DA:27,51
DA:28,131
DA:29,29
DA:30,29
DA:31,29
DA:32,29
DA:33,29
DA:34,29
DA:35,29
DA:36,22
DA:37,22
DA:38,22
DA:39,36
DA:40,36
DA:41,4
DA:42,4
LF:42
LH:42
BRDA:1,0,0,4
BRDA:3,1,0,36
BRDA:7,2,0,131
BRDA:9,3,0,42
BRDA:9,4,0,28
BRDA:16,5,0,103
BRDA:18,6,0,16
BRDA:21,7,0,87
BRDA:23,8,0,36
BRDA:26,9,0,51
BRDA:28,10,0,127
BRDA:28,11,0,29
BRDA:36,12,0,22
BRF:13
BRH:13
end_of_record
TN:
SF:src/parser.js
FN:3,parse
FNF:1
FNH:1
FNDA:13,parse
DA:1,5
DA:2,5
DA:3,5
DA:4,13
DA:5,13
DA:6,13
DA:7,13
DA:8,0
DA:9,0
DA:10,0
DA:11,0
DA:12,0
DA:13,0
DA:14,0
DA:15,13
LF:15
LH:8
BRDA:1,0,0,5
BRDA:3,1,0,13
BRDA:7,2,0,0
BRF:3
BRH:2
end_of_record
TN:
SF:src/formatters/index.js
FN:11,default
FNF:1
FNH:1
FNDA:5,default
DA:1,3
DA:2,3
DA:3,3
DA:4,3
DA:5,3
DA:6,3
DA:7,3
DA:8,3
DA:9,3
DA:10,3
DA:11,3
DA:12,5
DA:13,5
DA:14,0
DA:15,0
DA:16,5
DA:17,5
LF:17
LH:15
BRDA:1,0,0,3
BRDA:11,1,0,5
BRDA:13,2,0,0
BRF:3
BRH:2
end_of_record
TN:
SF:src/formatters/json.js
FN:1,json
FNF:1
FNH:1
FNDA:2,json
DA:1,3
DA:2,3
DA:3,3
LF:3
LH:3
BRDA:1,0,0,3
BRDA:1,1,0,2
BRF:2
BRH:2
end_of_record
TN:
SF:src/formatters/plain.js
FN:1,formatValue
FN:8,plain
FNF:2
FNH:2
FNDA:26,formatValue
FNDA:10,plain
DA:1,3
DA:2,26
DA:3,26
DA:4,26
DA:5,4
DA:6,26
DA:7,3
DA:8,3
DA:9,10
DA:10,36
DA:11,36
DA:12,36
DA:13,36
DA:14,8
DA:15,36
DA:16,10
DA:17,36
DA:18,4
DA:19,36
DA:20,8
DA:21,36
DA:22,6
DA:23,36
DA:24,0
DA:25,36
DA:26,10
DA:27,10
DA:28,10
DA:29,10
DA:30,3
DA:31,3
LF:31
LH:30
BRDA:1,0,0,3
BRDA:1,1,0,26
BRDA:2,2,0,2
BRDA:3,3,0,24
BRDA:3,4,0,6
BRDA:3,5,0,6
BRDA:4,6,0,18
BRDA:4,7,0,14
BRDA:5,8,0,4
BRDA:8,9,0,10
BRDA:9,10,0,36
BRDA:10,11,0,28
BRDA:10,12,0,8
BRDA:13,13,0,8
BRDA:15,14,0,10
BRDA:17,15,0,4
BRDA:19,16,0,8
BRDA:21,17,0,6
BRDA:23,18,0,0
BRF:19
BRH:18
end_of_record
TN:
SF:src/formatters/stylish.js
FN:15,formatValue
FN:44,stylish
FNF:2
FNH:2
FNDA:6,formatValue
FNDA:1,stylish
DA:1,3
DA:2,3
DA:3,3
DA:4,3
DA:5,3
DA:6,3
DA:7,3
DA:8,3
DA:9,3
DA:10,3
DA:11,3
DA:12,3
DA:13,3
DA:14,3
DA:15,3
DA:16,6
DA:17,6
DA:18,0
DA:19,0
DA:20,0
DA:21,0
DA:22,0
DA:23,0
DA:24,0
DA:25,0
DA:26,0
DA:27,0
DA:28,0
DA:29,0
DA:30,0
DA:31,0
DA:32,0
DA:33,0
DA:34,0
DA:35,0
DA:36,6
DA:37,3
DA:38,3
DA:39,3
DA:40,3
DA:41,3
DA:42,3
DA:43,3
DA:44,3
DA:45,1
DA:46,1
DA:47,1
DA:48,5
DA:49,5
DA:50,0
DA:51,5
DA:52,5
DA:53,1
DA:54,5
DA:55,5
DA:56,2
DA:57,5
DA:58,5
DA:59,1
DA:60,1
DA:61,1
DA:62,1
DA:63,5
DA:64,5
DA:65,1
DA:66,5
DA:67,5
DA:68,0
DA:69,5
DA:70,1
DA:71,1
DA:72,1
DA:73,1
DA:74,1
DA:75,1
DA:76,3
DA:77,3
LF:77
LH:57
BRDA:1,0,0,3
BRDA:15,1,0,6
BRDA:16,2,0,0
BRDA:18,3,0,0
BRDA:44,4,0,1
BRDA:74,5,0,0
BRDA:47,6,0,5
BRDA:49,7,0,0
BRDA:52,8,0,1
BRDA:55,9,0,2
BRDA:58,10,0,1
BRDA:64,11,0,1
BRDA:67,12,0,0
BRF:13
BRH:8
end_of_record
